<?xml version="1.0" encoding="UTF-8"?>
<coverage generated="1713344619212" clover="3.2.0">
  <project timestamp="1713344619212" name="All files">
    <metrics statements="26" coveredstatements="18" conditionals="28" coveredconditionals="5" methods="2" coveredmethods="2" elements="56" coveredelements="25" complexity="0" loc="26" ncloc="26" packages="1" files="1" classes="1"/>
    <file name="merge-array.ts" path="/Users/patawatwatakul/Desktop/primo/merge-arrays/merge-array.ts">
      <metrics statements="26" coveredstatements="18" conditionals="28" coveredconditionals="5" methods="2" coveredmethods="2"/>
      <line num="3" count="12" type="stmt"/>
      <line num="5" count="12" type="stmt"/>
      <line num="7" count="12" type="stmt"/>
      <line num="8" count="12" type="stmt"/>
      <line num="10" count="12" type="stmt"/>
      <line num="11" count="52" type="cond" truecount="2" falsecount="0"/>
      <line num="12" count="3" type="stmt"/>
      <line num="13" count="3" type="stmt"/>
      <line num="14" count="49" type="cond" truecount="2" falsecount="0"/>
      <line num="15" count="22" type="stmt"/>
      <line num="17" count="27" type="stmt"/>
      <line num="21" count="12" type="cond" truecount="1" falsecount="0"/>
      <line num="22" count="7" type="stmt"/>
      <line num="25" count="12" type="stmt"/>
      <line num="28" count="1" type="stmt"/>
      <line num="30" count="6" type="stmt"/>
      <line num="32" count="6" type="stmt"/>
      <line num="35" count="1" type="cond" truecount="0" falsecount="1"/>
      <line num="36" count="0" type="cond" truecount="0" falsecount="6"/>
      <line num="37" count="0" type="cond" truecount="0" falsecount="6"/>
      <line num="38" count="0" type="cond" truecount="0" falsecount="6"/>
      <line num="40" count="0" type="cond" truecount="0" falsecount="4"/>
      <line num="41" count="0" type="stmt"/>
      <line num="42" count="0" type="stmt"/>
      <line num="45" count="0" type="stmt"/>
      <line num="47" count="0" type="stmt"/>
    </file>
  </project>
</coverage>
