{"/Users/patawatwatakul/Desktop/primo/merge-arrays/merge-array.ts": {"path":"/Users/patawatwatakul/Desktop/primo/merge-arrays/merge-array.ts","statementMap":{"0":{"start":{"line":3,"column":31},"end":{"line":3,"column":33}},"1":{"start":{"line":5,"column":30},"end":{"line":5,"column":48}},"2":{"start":{"line":7,"column":17},"end":{"line":7,"column":18}},"3":{"start":{"line":8,"column":17},"end":{"line":8,"column":18}},"4":{"start":{"line":10,"column":2},"end":{"line":19,"column":3}},"5":{"start":{"line":11,"column":4},"end":{"line":18,"column":5}},"6":{"start":{"line":12,"column":6},"end":{"line":12,"column":null}},"7":{"start":{"line":13,"column":6},"end":{"line":13,"column":12}},"8":{"start":{"line":14,"column":11},"end":{"line":18,"column":5}},"9":{"start":{"line":15,"column":6},"end":{"line":15,"column":41}},"10":{"start":{"line":17,"column":6},"end":{"line":17,"column":41}},"11":{"start":{"line":21,"column":2},"end":{"line":23,"column":3}},"12":{"start":{"line":22,"column":4},"end":{"line":22,"column":46}},"13":{"start":{"line":25,"column":2},"end":{"line":25,"column":21}},"14":{"start":{"line":30,"column":29},"end":{"line":30,"column":122}},"15":{"start":{"line":32,"column":2},"end":{"line":32,"column":21}},"16":{"start":{"line":28,"column":0},"end":{"line":28,"column":16}},"17":{"start":{"line":35,"column":0},"end":{"line":48,"column":1}},"18":{"start":{"line":36,"column":22},"end":{"line":36,"column":67}},"19":{"start":{"line":37,"column":22},"end":{"line":37,"column":67}},"20":{"start":{"line":38,"column":22},"end":{"line":38,"column":67}},"21":{"start":{"line":40,"column":2},"end":{"line":43,"column":3}},"22":{"start":{"line":41,"column":4},"end":{"line":41,"column":56}},"23":{"start":{"line":42,"column":4},"end":{"line":42,"column":20}},"24":{"start":{"line":45,"column":22},"end":{"line":45,"column":66}},"25":{"start":{"line":47,"column":2},"end":{"line":47,"column":44}}},"fnMap":{"0":{"name":"mergeSortedCollection","decl":{"start":{"line":1,"column":9},"end":{"line":1,"column":30}},"loc":{"start":{"line":1,"column":72},"end":{"line":26,"column":1}}},"1":{"name":"merge","decl":{"start":{"line":28,"column":16},"end":{"line":28,"column":21}},"loc":{"start":{"line":28,"column":89},"end":{"line":33,"column":1}}}},"branchMap":{"0":{"loc":{"start":{"line":11,"column":4},"end":{"line":18,"column":5}},"type":"if","locations":[{"start":{"line":11,"column":4},"end":{"line":18,"column":5}},{"start":{"line":14,"column":11},"end":{"line":18,"column":5}}]},"1":{"loc":{"start":{"line":14,"column":11},"end":{"line":18,"column":5}},"type":"if","locations":[{"start":{"line":14,"column":11},"end":{"line":18,"column":5}},{"start":{"line":16,"column":11},"end":{"line":18,"column":5}}]},"2":{"loc":{"start":{"line":21,"column":2},"end":{"line":23,"column":3}},"type":"if","locations":[{"start":{"line":21,"column":2},"end":{"line":23,"column":3}}]},"3":{"loc":{"start":{"line":35,"column":0},"end":{"line":48,"column":1}},"type":"if","locations":[{"start":{"line":35,"column":0},"end":{"line":48,"column":1}}]},"4":{"loc":{"start":{"line":36,"column":22},"end":{"line":36,"column":67}},"type":"binary-expr","locations":[{"start":{"line":36,"column":22},"end":{"line":36,"column":61}},{"start":{"line":36,"column":65},"end":{"line":36,"column":67}}]},"5":{"loc":{"start":{"line":36,"column":22},"end":{"line":36,"column":61}},"type":"cond-expr","locations":[{"start":{"line":36,"column":37},"end":{"line":36,"column":39}},{"start":{"line":36,"column":37},"end":{"line":36,"column":61}}]},"6":{"loc":{"start":{"line":36,"column":22},"end":{"line":36,"column":39}},"type":"binary-expr","locations":[{"start":{"line":36,"column":22},"end":{"line":36,"column":39}},{"start":{"line":36,"column":37},"end":{"line":36,"column":39}}]},"7":{"loc":{"start":{"line":37,"column":22},"end":{"line":37,"column":67}},"type":"binary-expr","locations":[{"start":{"line":37,"column":22},"end":{"line":37,"column":61}},{"start":{"line":37,"column":65},"end":{"line":37,"column":67}}]},"8":{"loc":{"start":{"line":37,"column":22},"end":{"line":37,"column":61}},"type":"cond-expr","locations":[{"start":{"line":37,"column":37},"end":{"line":37,"column":39}},{"start":{"line":37,"column":37},"end":{"line":37,"column":61}}]},"9":{"loc":{"start":{"line":37,"column":22},"end":{"line":37,"column":39}},"type":"binary-expr","locations":[{"start":{"line":37,"column":22},"end":{"line":37,"column":39}},{"start":{"line":37,"column":37},"end":{"line":37,"column":39}}]},"10":{"loc":{"start":{"line":38,"column":22},"end":{"line":38,"column":67}},"type":"binary-expr","locations":[{"start":{"line":38,"column":22},"end":{"line":38,"column":61}},{"start":{"line":38,"column":65},"end":{"line":38,"column":67}}]},"11":{"loc":{"start":{"line":38,"column":22},"end":{"line":38,"column":61}},"type":"cond-expr","locations":[{"start":{"line":38,"column":37},"end":{"line":38,"column":39}},{"start":{"line":38,"column":37},"end":{"line":38,"column":61}}]},"12":{"loc":{"start":{"line":38,"column":22},"end":{"line":38,"column":39}},"type":"binary-expr","locations":[{"start":{"line":38,"column":22},"end":{"line":38,"column":39}},{"start":{"line":38,"column":37},"end":{"line":38,"column":39}}]},"13":{"loc":{"start":{"line":40,"column":2},"end":{"line":43,"column":3}},"type":"if","locations":[{"start":{"line":40,"column":2},"end":{"line":43,"column":3}}]},"14":{"loc":{"start":{"line":40,"column":6},"end":{"line":40,"column":86}},"type":"binary-expr","locations":[{"start":{"line":40,"column":6},"end":{"line":40,"column":30}},{"start":{"line":40,"column":34},"end":{"line":40,"column":58}},{"start":{"line":40,"column":62},"end":{"line":40,"column":86}}]}},"s":{"0":12,"1":12,"2":12,"3":12,"4":12,"5":52,"6":3,"7":3,"8":49,"9":22,"10":27,"11":12,"12":7,"13":12,"14":6,"15":6,"16":1,"17":1,"18":0,"19":0,"20":0,"21":0,"22":0,"23":0,"24":0,"25":0},"f":{"0":12,"1":6},"b":{"0":[3,49],"1":[22,27],"2":[7],"3":[0],"4":[0,0],"5":[0,0],"6":[0,0],"7":[0,0],"8":[0,0],"9":[0,0],"10":[0,0],"11":[0,0],"12":[0,0],"13":[0],"14":[0,0,0]}}
}
