TN:
SF:merge-array.ts
FN:1,mergeSortedCollection
FN:28,merge
FNF:2
FNH:2
FNDA:12,mergeSortedCollection
FNDA:6,merge
DA:3,12
DA:5,12
DA:7,12
DA:8,12
DA:10,12
DA:11,52
DA:12,3
DA:13,3
DA:14,49
DA:15,22
DA:17,27
DA:21,12
DA:22,7
DA:25,12
DA:28,1
DA:30,6
DA:32,6
DA:35,1
DA:36,0
DA:37,0
DA:38,0
DA:40,0
DA:41,0
DA:42,0
DA:45,0
DA:47,0
LF:26
LH:18
BRDA:11,0,0,3
BRDA:11,0,1,49
BRDA:14,1,0,22
BRDA:14,1,1,27
BRDA:21,2,0,7
BRDA:35,3,0,0
BRDA:36,4,0,0
BRDA:36,4,1,0
BRDA:36,5,0,0
BRDA:36,5,1,0
BRDA:36,6,0,0
BRDA:36,6,1,0
BRDA:37,7,0,0
BRDA:37,7,1,0
BRDA:37,8,0,0
BRDA:37,8,1,0
BRDA:37,9,0,0
BRDA:37,9,1,0
BRDA:38,10,0,0
BRDA:38,10,1,0
BRDA:38,11,0,0
BRDA:38,11,1,0
BRDA:38,12,0,0
BRDA:38,12,1,0
BRDA:40,13,0,0
BRDA:40,14,0,0
BRDA:40,14,1,0
BRDA:40,14,2,0
BRF:28
BRH:5
end_of_record
